<?xml version="1.0" encoding="UTF-8"?>
<testsuite failures="1" skipped="0" tests="1" name="Acceptance" time="0.749" errors="0">
<testcase classname="Acceptance.Test Case 1" name="TC_001_BrowserStartandClose" time="0.272">
<failure message="ImportError: cannot import name GLOBAL_VARIABLES" type="AssertionError"/>
</testcase>
</testsuite>
